###############################################################################
#
# IAR ANSI C/C++ Compiler V9.30.1.335/W64 for ARM         06/Dec/2022  18:44:12
# Copyright 1999-2022 IAR Systems AB.
#
#    Cpu mode          =  thumb
#    Endian            =  little
#    Source file       =  C:\Users\Jungjinseong\IAR_projects\user\stop_button.c
#    Command line      =
#        -f C:\Users\Jungjinseong\IAR_projects\Debug\Obj\user\stop_button.o.rsp
#        (C:\Users\Jungjinseong\IAR_projects\user\stop_button.c -D
#        USE_STDPERIPH_DRIVER -D STM32F10X_CL -lC
#        C:\Users\Jungjinseong\IAR_projects\Debug\List\user -o
#        C:\Users\Jungjinseong\IAR_projects\Debug\Obj\user --no_cse --no_unroll
#        --no_inline --no_code_motion --no_tbaa --no_clustering --no_scheduling
#        --debug --endian=little --cpu=Cortex-M3 -e --fpu=None --dlib_config
#        "C:\Program Files\IAR Systems\Embedded Workbench
#        9.1_2\arm\inc\c\DLib_Config_Normal.h" -I
#        C:\Users\Jungjinseong\IAR_projects\libraries\CMSIS\DeviceSupport\ -I
#        C:\Users\Jungjinseong\IAR_projects\libraries\CMSIS\DeviceSupport\Startup\
#        -I
#        C:\Users\Jungjinseong\IAR_projects\libraries\STM32F10x_StdPeriph_Driver_v3.5\inc\
#        -I
#        C:\Users\Jungjinseong\IAR_projects\libraries\STM32F10x_StdPeriph_Driver_v3.5\src\
#        -I C:\Users\Jungjinseong\IAR_projects\libraries\LCD\ -I
#        C:\Users\Jungjinseong\IAR_projects\user\ -I
#        C:\Users\Jungjinseong\IAR_projects\user\inc\ -Ol -I "C:\Program
#        Files\IAR Systems\Embedded Workbench 9.1_2\arm\CMSIS\Core\Include\\")
#        --dependencies=n
#        C:\Users\Jungjinseong\IAR_projects\Debug\Obj\user\stop_button.o.d
#    Locale            =  C
#    List file         =
#        C:\Users\Jungjinseong\IAR_projects\Debug\List\user\stop_button.lst
#    Object file       =
#        C:\Users\Jungjinseong\IAR_projects\Debug\Obj\user\stop_button.o
#    Runtime model:       
#      __CPP_Runtime   =  1
#      __SystemLibrary =  DLib
#      __dlib_version  =  6
#      __size_limit    =  32768|ARM.EW.LINKER
#
###############################################################################

C:\Users\Jungjinseong\IAR_projects\user\stop_button.c
      1          #include "stop_button.h"
      2          #include "stm32f10x.h"
      3          #include "stm32f10x_rcc.h"
      4          #include "stm32f10x_gpio.h"
      5          

   \                                 In section .text, align 2, keep-with-next
      6          void RCC_BUTTON(void)
      7          {
   \                     RCC_BUTTON: (+1)
   \        0x0   0xB580             PUSH     {R7,LR}
      8            RCC_APB2PeriphClockCmd(RCC_APB2Periph_GPIOD,ENABLE);  // RCC GPIO D
   \        0x2   0x2101             MOVS     R1,#+1
   \        0x4   0x2020             MOVS     R0,#+32
   \        0x6   0x.... 0x....      BL       RCC_APB2PeriphClockCmd
      9          }
   \        0xA   0xBD01             POP      {R0,PC}
     10          

   \                                 In section .text, align 2, keep-with-next
     11          void GPIO_BUTTON(void)
     12          {
   \                     GPIO_BUTTON: (+1)
   \        0x0   0xB580             PUSH     {R7,LR}
     13            GPIO_InitTypeDef GPIO_InitStructure;
     14            
     15            GPIO_InitStructure.GPIO_Pin = BUTTON_PIN;
   \        0x2   0x2008             MOVS     R0,#+8
   \        0x4   0xF8AD 0x0000      STRH     R0,[SP, #+0]
     16            GPIO_InitStructure.GPIO_Mode = GPIO_Mode_IPD;
   \        0x8   0x2028             MOVS     R0,#+40
   \        0xA   0xF88D 0x0003      STRB     R0,[SP, #+3]
     17            GPIO_Init(BUTTON_PORT, &GPIO_InitStructure);
   \        0xE   0x4669             MOV      R1,SP
   \       0x10   0x....             LDR.N    R0,??DataTable1
   \       0x12   0x.... 0x....      BL       GPIO_Init
     18          }
   \       0x16   0xBD01             POP      {R0,PC}
     19          

   \                                 In section .text, align 2, keep-with-next
     20          void Init_BUTTON(void) {
   \                     Init_BUTTON: (+1)
   \        0x0   0xB580             PUSH     {R7,LR}
     21              RCC_BUTTON();
   \        0x2   0x.... 0x....      BL       RCC_BUTTON
     22              GPIO_BUTTON();
   \        0x6   0x.... 0x....      BL       GPIO_BUTTON
     23          }
   \        0xA   0xBD01             POP      {R0,PC}

   \                                 In section .text, align 4, keep-with-next
   \                     ??DataTable1:
   \        0x0   0x4001'1000        DC32     0x40011000
     24          

   Maximum stack usage in bytes:

   .cstack Function
   ------- --------
       8   GPIO_BUTTON
         8   -> GPIO_Init
       8   Init_BUTTON
         8   -> GPIO_BUTTON
         8   -> RCC_BUTTON
       8   RCC_BUTTON
         8   -> RCC_APB2PeriphClockCmd


   Section sizes:

   Bytes  Function/Label
   -----  --------------
       4  ??DataTable1
      24  GPIO_BUTTON
      12  Init_BUTTON
      12  RCC_BUTTON

 
 52 bytes in section .text
 
 52 bytes of CODE memory

Errors: none
Warnings: none
